{
  "RSpec": {
    "coverage": {
      "/home/lpepin/School_FA21/CS3300/cs3300_portfolio/app/controllers/projects_controller.rb": {
        "lines": [
          1,
          1,
          null,
          null,
          1,
          1,
          null,
          null,
          null,
          1,
          null,
          null,
          null,
          1,
          0,
          null,
          null,
          null,
          1,
          null,
          null,
          null,
          1,
          0,
          null,
          0,
          0,
          0,
          0,
          null,
          0,
          0,
          null,
          null,
          null,
          null,
          null,
          1,
          0,
          0,
          0,
          0,
          null,
          0,
          0,
          null,
          null,
          null,
          null,
          null,
          1,
          0,
          0,
          0,
          0,
          null,
          null,
          null,
          1,
          null,
          1,
          0,
          null,
          null,
          null,
          1,
          0,
          null,
          null
        ]
      },
      "/home/lpepin/School_FA21/CS3300/cs3300_portfolio/app/controllers/application_controller.rb": {
        "lines": [
          1,
          null
        ]
      },
      "/home/lpepin/School_FA21/CS3300/cs3300_portfolio/app/models/project.rb": {
        "lines": [
          1,
          1,
          null
        ]
      },
      "/home/lpepin/School_FA21/CS3300/cs3300_portfolio/app/models/application_record.rb": {
        "lines": [
          1,
          1,
          null
        ]
      },
      "/home/lpepin/School_FA21/CS3300/cs3300_portfolio/app/channels/application_cable/channel.rb": {
        "lines": [
          0,
          0,
          0,
          0
        ],
        "branches": {
        }
      },
      "/home/lpepin/School_FA21/CS3300/cs3300_portfolio/app/channels/application_cable/connection.rb": {
        "lines": [
          0,
          0,
          0,
          0
        ],
        "branches": {
        }
      },
      "/home/lpepin/School_FA21/CS3300/cs3300_portfolio/app/helpers/application_helper.rb": {
        "lines": [
          0,
          0
        ],
        "branches": {
        }
      },
      "/home/lpepin/School_FA21/CS3300/cs3300_portfolio/app/helpers/projects_helper.rb": {
        "lines": [
          0,
          0
        ],
        "branches": {
        }
      },
      "/home/lpepin/School_FA21/CS3300/cs3300_portfolio/app/jobs/application_job.rb": {
        "lines": [
          0,
          null,
          null,
          null,
          null,
          null,
          0
        ],
        "branches": {
        }
      },
      "/home/lpepin/School_FA21/CS3300/cs3300_portfolio/app/mailers/application_mailer.rb": {
        "lines": [
          0,
          0,
          0,
          0
        ],
        "branches": {
        }
      }
    },
    "timestamp": 1637014122
  }
}
